# JRE version: OpenJDK Runtime Environment (8.0_222-b10) (build 1.8.0_222-8u222-b10-1ubuntu1~16.04.1-b10)
# Java VM: OpenJDK 64-Bit Server VM (25.222-b10 mixed mode linux-amd64 compressed oops)
Heap:
 def new generation   total 181312K, used 161526K [0x00000000c0000000, 0x00000000cc4b0000, 0x00000000d5550000)
  eden space 161216K,  88% used [0x00000000c0000000, 0x00000000c8aa0578, 0x00000000c9d70000)
  from space 20096K,  97% used [0x00000000c9d70000, 0x00000000cb08d2e8, 0x00000000cb110000)
  to   space 20096K,  97% used [0x00000000cb110000, 0x00000000cc4254f0, 0x00000000cc4b0000)
 tenured generation   total 402756K, used 372645K [0x00000000d5550000, 0x00000000edea1000, 0x0000000100000000)
   the space 402756K,  92% used [0x00000000d5550000, 0x00000000ec139660, 0x00000000ec139800, 0x00000000edea1000)
 Metaspace       used 71390K, capacity 72318K, committed 72664K, reserved 1112064K
  class space    used 9860K, capacity 10066K, committed 10200K, reserved 1048576K
GC Heap History (10 events):
Event: 1521.772 GC heap after
Heap after GC invocations=482 (full 14):
 def new generation   total 181312K, used 11053K [0x00000000c0000000, 0x00000000cc4b0000, 0x00000000d5550000)
  eden space 161216K,   0% used [0x00000000c0000000, 0x00000000c0000000, 0x00000000c9d70000)
  from space 20096K,  55% used [0x00000000c9d70000, 0x00000000ca83b730, 0x00000000cb110000)
  to   space 20096K,   0% used [0x00000000cb110000, 0x00000000cb110000, 0x00000000cc4b0000)
 tenured generation   total 402756K, used 292510K [0x00000000d5550000, 0x00000000edea1000, 0x0000000100000000)
   the space 402756K,  72% used [0x00000000d5550000, 0x00000000e72f7b78, 0x00000000e72f7c00, 0x00000000edea1000)
 Metaspace       used 71322K, capacity 72222K, committed 72536K, reserved 1112064K
  class space    used 9848K, capacity 10034K, committed 10072K, reserved 1048576K
}
Event: 1522.303 GC heap before
{Heap before GC invocations=482 (full 14):
 def new generation   total 181312K, used 157910K [0x00000000c0000000, 0x00000000cc4b0000, 0x00000000d5550000)
  eden space 161216K,  91% used [0x00000000c0000000, 0x00000000c8f6a428, 0x00000000c9d70000)
  from space 20096K,  55% used [0x00000000c9d70000, 0x00000000ca83b730, 0x00000000cb110000)
  to   space 20096K,   0% used [0x00000000cb110000, 0x00000000cb110000, 0x00000000cc4b0000)
 tenured generation   total 402756K, used 292510K [0x00000000d5550000, 0x00000000edea1000, 0x0000000100000000)
   the space 402756K,  72% used [0x00000000d5550000, 0x00000000e72f7b78, 0x00000000e72f7c00, 0x00000000edea1000)
 Metaspace       used 71323K, capacity 72222K, committed 72536K, reserved 1112064K
  class space    used 9848K, capacity 10034K, committed 10072K, reserved 1048576K
Event: 1522.324 GC heap after
Heap after GC invocations=483 (full 14):
 def new generation   total 181312K, used 8579K [0x00000000c0000000, 0x00000000cc4b0000, 0x00000000d5550000)
  eden space 161216K,   0% used [0x00000000c0000000, 0x00000000c0000000, 0x00000000c9d70000)
  from space 20096K,  42% used [0x00000000cb110000, 0x00000000cb970ce0, 0x00000000cc4b0000)
  to   space 20096K,   0% used [0x00000000c9d70000, 0x00000000c9d70000, 0x00000000cb110000)
 tenured generation   total 402756K, used 299265K [0x00000000d5550000, 0x00000000edea1000, 0x0000000100000000)
   the space 402756K,  74% used [0x00000000d5550000, 0x00000000e79905b0, 0x00000000e7990600, 0x00000000edea1000)
 Metaspace       used 71323K, capacity 72222K, committed 72536K, reserved 1112064K
  class space    used 9848K, capacity 10034K, committed 10072K, reserved 1048576K
}
Event: 1522.519 GC heap before
{Heap before GC invocations=483 (full 14):
 def new generation   total 181312K, used 169795K [0x00000000c0000000, 0x00000000cc4b0000, 0x00000000d5550000)
  eden space 161216K, 100% used [0x00000000c0000000, 0x00000000c9d70000, 0x00000000c9d70000)
  from space 20096K,  42% used [0x00000000cb110000, 0x00000000cb970ce0, 0x00000000cc4b0000)
  to   space 20096K,   0% used [0x00000000c9d70000, 0x00000000c9d70000, 0x00000000cb110000)
 tenured generation   total 402756K, used 299265K [0x00000000d5550000, 0x00000000edea1000, 0x0000000100000000)
   the space 402756K,  74% used [0x00000000d5550000, 0x00000000e79905b0, 0x00000000e7990600, 0x00000000edea1000)
 Metaspace       used 71323K, capacity 72222K, committed 72536K, reserved 1112064K
  class space    used 9848K, capacity 10034K, committed 10072K, reserved 1048576K
Event: 1522.527 GC heap after
Heap after GC invocations=484 (full 14):
 def new generation   total 181312K, used 17155K [0x00000000c0000000, 0x00000000cc4b0000, 0x00000000d5550000)
  eden space 161216K,   0% used [0x00000000c0000000, 0x00000000c0000000, 0x00000000c9d70000)
  from space 20096K,  85% used [0x00000000c9d70000, 0x00000000cae30cd8, 0x00000000cb110000)
  to   space 20096K,   0% used [0x00000000cb110000, 0x00000000cb110000, 0x00000000cc4b0000)
 tenured generation   total 402756K, used 299265K [0x00000000d5550000, 0x00000000edea1000, 0x0000000100000000)
   the space 402756K,  74% used [0x00000000d5550000, 0x00000000e79905b0, 0x00000000e7990600, 0x00000000edea1000)
 Metaspace       used 71323K, capacity 72222K, committed 72536K, reserved 1112064K
  class space    used 9848K, capacity 10034K, committed 10072K, reserved 1048576K
}
Event: 1522.663 GC heap before
{Heap before GC invocations=484 (full 14):
 def new generation   total 181312K, used 178371K [0x00000000c0000000, 0x00000000cc4b0000, 0x00000000d5550000)
  eden space 161216K, 100% used [0x00000000c0000000, 0x00000000c9d70000, 0x00000000c9d70000)
  from space 20096K,  85% used [0x00000000c9d70000, 0x00000000cae30cd8, 0x00000000cb110000)
  to   space 20096K,   0% used [0x00000000cb110000, 0x00000000cb110000, 0x00000000cc4b0000)
 tenured generation   total 402756K, used 299265K [0x00000000d5550000, 0x00000000edea1000, 0x0000000100000000)
   the space 402756K,  74% used [0x00000000d5550000, 0x00000000e79905b0, 0x00000000e7990600, 0x00000000edea1000)
 Metaspace       used 71323K, capacity 72222K, committed 72536K, reserved 1112064K
  class space    used 9848K, capacity 10034K, committed 10072K, reserved 1048576K
Event: 1522.701 GC heap after
Heap after GC invocations=485 (full 14):
 def new generation   total 181312K, used 0K [0x00000000c0000000, 0x00000000cc4b0000, 0x00000000d5550000)
  eden space 161216K,   0% used [0x00000000c0000000, 0x00000000c0000000, 0x00000000c9d70000)
  from space 20096K,   0% used [0x00000000cb110000, 0x00000000cb1102b8, 0x00000000cc4b0000)
  to   space 20096K,   0% used [0x00000000c9d70000, 0x00000000c9d70000, 0x00000000cb110000)
 tenured generation   total 402756K, used 333572K [0x00000000d5550000, 0x00000000edea1000, 0x0000000100000000)
   the space 402756K,  82% used [0x00000000d5550000, 0x00000000e9b110f0, 0x00000000e9b11200, 0x00000000edea1000)
 Metaspace       used 71323K, capacity 72222K, committed 72536K, reserved 1112064K
  class space    used 9848K, capacity 10034K, committed 10072K, reserved 1048576K
}
Event: 1522.883 GC heap before
{Heap before GC invocations=485 (full 14):
 def new generation   total 181312K, used 142156K [0x00000000c0000000, 0x00000000cc4b0000, 0x00000000d5550000)
  eden space 161216K,  88% used [0x00000000c0000000, 0x00000000c8ad2ef0, 0x00000000c9d70000)
  from space 20096K,   0% used [0x00000000cb110000, 0x00000000cb1102b8, 0x00000000cc4b0000)
  to   space 20096K,   0% used [0x00000000c9d70000, 0x00000000c9d70000, 0x00000000cb110000)
 tenured generation   total 402756K, used 333572K [0x00000000d5550000, 0x00000000edea1000, 0x0000000100000000)
   the space 402756K,  82% used [0x00000000d5550000, 0x00000000e9b110f0, 0x00000000e9b11200, 0x00000000edea1000)
 Metaspace       used 71350K, capacity 72318K, committed 72664K, reserved 1112064K
  class space    used 9854K, capacity 10066K, committed 10200K, reserved 1048576K
Event: 1522.926 GC heap after
Heap after GC invocations=486 (full 14):
 def new generation   total 181312K, used 19572K [0x00000000c0000000, 0x00000000cc4b0000, 0x00000000d5550000)
  eden space 161216K,   0% used [0x00000000c0000000, 0x00000000c0000000, 0x00000000c9d70000)
  from space 20096K,  97% used [0x00000000c9d70000, 0x00000000cb08d2e8, 0x00000000cb110000)
  to   space 20096K,   0% used [0x00000000cb110000, 0x00000000cb110000, 0x00000000cc4b0000)
 tenured generation   total 402756K, used 372644K [0x00000000d5550000, 0x00000000edea1000, 0x0000000100000000)
   the space 402756K,  92% used [0x00000000d5550000, 0x00000000ec139060, 0x00000000ec139200, 0x00000000edea1000)
 Metaspace       used 71350K, capacity 72318K, committed 72664K, reserved 1112064K
  class space    used 9854K, capacity 10066K, committed 10200K, reserved 1048576K
}
Event: 1599.467 GC heap before
{Heap before GC invocations=486 (full 14):
 def new generation   total 181312K, used 161526K [0x00000000c0000000, 0x00000000cc4b0000, 0x00000000d5550000)
  eden space 161216K,  88% used [0x00000000c0000000, 0x00000000c8aa0578, 0x00000000c9d70000)
  from space 20096K,  97% used [0x00000000c9d70000, 0x00000000cb08d2e8, 0x00000000cb110000)
  to   space 20096K,   0% used [0x00000000cb110000, 0x00000000cb110000, 0x00000000cc4b0000)
 tenured generation   total 402756K, used 372644K [0x00000000d5550000, 0x00000000edea1000, 0x0000000100000000)
   the space 402756K,  92% used [0x00000000d5550000, 0x00000000ec139060, 0x00000000ec139200, 0x00000000edea1000)
 Metaspace       used 71390K, capacity 72318K, committed 72664K, reserved 1112064K
  class space    used 9860K, capacity 10066K, committed 10200K, reserved 1048576K

