# JRE version: OpenJDK Runtime Environment (8.0_222-b10) (build 1.8.0_222-8u222-b10-1ubuntu1~16.04.1-b10)
# Java VM: OpenJDK 64-Bit Server VM (25.222-b10 mixed mode linux-amd64 compressed oops)
Heap:
 def new generation   total 182784K, used 162508K [0x00000000c0000000, 0x00000000cc650000, 0x00000000d5550000)
  eden space 162496K, 100% used [0x00000000c0000000, 0x00000000c9eb0000, 0x00000000c9eb0000)
  from space 20288K,   0% used [0x00000000cb280000, 0x00000000cb283390, 0x00000000cc650000)
  to   space 20288K,   0% used [0x00000000c9eb0000, 0x00000000c9eb0c50, 0x00000000cb280000)
 tenured generation   total 406016K, used 360872K [0x00000000d5550000, 0x00000000ee1d0000, 0x0000000100000000)
   the space 406016K,  88% used [0x00000000d5550000, 0x00000000eb5ba388, 0x00000000eb5ba400, 0x00000000ee1d0000)
 Metaspace       used 69034K, capacity 69922K, committed 70104K, reserved 1110016K
  class space    used 9751K, capacity 9933K, committed 9944K, reserved 1048576K
GC Heap History (10 events):
Event: 204.879 GC heap after
Heap after GC invocations=354 (full 15):
 def new generation   total 170560K, used 4154K [0x00000000c0000000, 0x00000000cb910000, 0x00000000d5550000)
  eden space 151616K,   0% used [0x00000000c0000000, 0x00000000c0000000, 0x00000000c9410000)
  from space 18944K,  21% used [0x00000000ca690000, 0x00000000caa9eb70, 0x00000000cb910000)
  to   space 18944K,   0% used [0x00000000c9410000, 0x00000000c9410000, 0x00000000ca690000)
 tenured generation   total 378904K, used 231553K [0x00000000d5550000, 0x00000000ec756000, 0x0000000100000000)
   the space 378904K,  61% used [0x00000000d5550000, 0x00000000e37705b8, 0x00000000e3770600, 0x00000000ec756000)
 Metaspace       used 68996K, capacity 69922K, committed 70104K, reserved 1110016K
  class space    used 9746K, capacity 9933K, committed 9944K, reserved 1048576K
}
Event: 205.021 GC heap before
{Heap before GC invocations=354 (full 15):
 def new generation   total 170560K, used 146624K [0x00000000c0000000, 0x00000000cb910000, 0x00000000d5550000)
  eden space 151616K,  93% used [0x00000000c0000000, 0x00000000c8b21528, 0x00000000c9410000)
  from space 18944K,  21% used [0x00000000ca690000, 0x00000000caa9eb70, 0x00000000cb910000)
  to   space 18944K,   0% used [0x00000000c9410000, 0x00000000c9410000, 0x00000000ca690000)
 tenured generation   total 378904K, used 231553K [0x00000000d5550000, 0x00000000ec756000, 0x0000000100000000)
   the space 378904K,  61% used [0x00000000d5550000, 0x00000000e37705b8, 0x00000000e3770600, 0x00000000ec756000)
 Metaspace       used 68996K, capacity 69922K, committed 70104K, reserved 1110016K
  class space    used 9746K, capacity 9933K, committed 9944K, reserved 1048576K
Event: 205.034 GC heap after
Heap after GC invocations=355 (full 15):
 def new generation   total 170560K, used 49K [0x00000000c0000000, 0x00000000cb910000, 0x00000000d5550000)
  eden space 151616K,   0% used [0x00000000c0000000, 0x00000000c0000000, 0x00000000c9410000)
  from space 18944K,   0% used [0x00000000c9410000, 0x00000000c941c538, 0x00000000ca690000)
  to   space 18944K,   0% used [0x00000000ca690000, 0x00000000ca690000, 0x00000000cb910000)
 tenured generation   total 378904K, used 283857K [0x00000000d5550000, 0x00000000ec756000, 0x0000000100000000)
   the space 378904K,  74% used [0x00000000d5550000, 0x00000000e6a84678, 0x00000000e6a84800, 0x00000000ec756000)
 Metaspace       used 68996K, capacity 69922K, committed 70104K, reserved 1110016K
  class space    used 9746K, capacity 9933K, committed 9944K, reserved 1048576K
}
Event: 205.116 GC heap before
{Heap before GC invocations=355 (full 15):
 def new generation   total 170560K, used 137943K [0x00000000c0000000, 0x00000000cb910000, 0x00000000d5550000)
  eden space 151616K,  90% used [0x00000000c0000000, 0x00000000c86a9790, 0x00000000c9410000)
  from space 18944K,   0% used [0x00000000c9410000, 0x00000000c941c538, 0x00000000ca690000)
  to   space 18944K,   0% used [0x00000000ca690000, 0x00000000ca690000, 0x00000000cb910000)
 tenured generation   total 378904K, used 283857K [0x00000000d5550000, 0x00000000ec756000, 0x0000000100000000)
   the space 378904K,  74% used [0x00000000d5550000, 0x00000000e6a84678, 0x00000000e6a84800, 0x00000000ec756000)
 Metaspace       used 68996K, capacity 69922K, committed 70104K, reserved 1110016K
  class space    used 9746K, capacity 9933K, committed 9944K, reserved 1048576K
Event: 205.131 GC heap after
Heap after GC invocations=356 (full 15):
 def new generation   total 170560K, used 16452K [0x00000000c0000000, 0x00000000cb910000, 0x00000000d5550000)
  eden space 151616K,   0% used [0x00000000c0000000, 0x00000000c0000000, 0x00000000c9410000)
  from space 18944K,  86% used [0x00000000ca690000, 0x00000000cb6a1328, 0x00000000cb910000)
  to   space 18944K,   0% used [0x00000000c9410000, 0x00000000c9410000, 0x00000000ca690000)
 tenured generation   total 378904K, used 322945K [0x00000000d5550000, 0x00000000ec756000, 0x0000000100000000)
   the space 378904K,  85% used [0x00000000d5550000, 0x00000000e90b0720, 0x00000000e90b0800, 0x00000000ec756000)
 Metaspace       used 68996K, capacity 69922K, committed 70104K, reserved 1110016K
  class space    used 9746K, capacity 9933K, committed 9944K, reserved 1048576K
}
Event: 205.171 GC heap before
{Heap before GC invocations=356 (full 15):
 def new generation   total 170560K, used 148655K [0x00000000c0000000, 0x00000000cb910000, 0x00000000d5550000)
  eden space 151616K,  87% used [0x00000000c0000000, 0x00000000c811ab00, 0x00000000c9410000)
  from space 18944K,  86% used [0x00000000ca690000, 0x00000000cb6a1328, 0x00000000cb910000)
  to   space 18944K,   0% used [0x00000000c9410000, 0x00000000c9410000, 0x00000000ca690000)
 tenured generation   total 378904K, used 322945K [0x00000000d5550000, 0x00000000ec756000, 0x0000000100000000)
   the space 378904K,  85% used [0x00000000d5550000, 0x00000000e90b0720, 0x00000000e90b0800, 0x00000000ec756000)
 Metaspace       used 68996K, capacity 69922K, committed 70104K, reserved 1110016K
  class space    used 9746K, capacity 9933K, committed 9944K, reserved 1048576K
Event: 205.356 GC heap after
Heap after GC invocations=357 (full 16):
 def new generation   total 182784K, used 0K [0x00000000c0000000, 0x00000000cc650000, 0x00000000d5550000)
  eden space 162496K,   0% used [0x00000000c0000000, 0x00000000c0000000, 0x00000000c9eb0000)
  from space 20288K,   0% used [0x00000000c9eb0000, 0x00000000c9eb0000, 0x00000000cb280000)
  to   space 20288K,   0% used [0x00000000cb280000, 0x00000000cb280000, 0x00000000cc650000)
 tenured generation   total 406016K, used 243607K [0x00000000d5550000, 0x00000000ee1d0000, 0x0000000100000000)
   the space 406016K,  59% used [0x00000000d5550000, 0x00000000e4335fc0, 0x00000000e4336000, 0x00000000ee1d0000)
 Metaspace       used 68996K, capacity 69922K, committed 70104K, reserved 1110016K
  class space    used 9746K, capacity 9933K, committed 9944K, reserved 1048576K
}
Event: 205.410 GC heap before
{Heap before GC invocations=357 (full 16):
 def new generation   total 182784K, used 119592K [0x00000000c0000000, 0x00000000cc650000, 0x00000000d5550000)
  eden space 162496K,  73% used [0x00000000c0000000, 0x00000000c74ca3f0, 0x00000000c9eb0000)
  from space 20288K,   0% used [0x00000000c9eb0000, 0x00000000c9eb0000, 0x00000000cb280000)
  to   space 20288K,   0% used [0x00000000cb280000, 0x00000000cb280000, 0x00000000cc650000)
 tenured generation   total 406016K, used 243607K [0x00000000d5550000, 0x00000000ee1d0000, 0x0000000100000000)
   the space 406016K,  59% used [0x00000000d5550000, 0x00000000e4335fc0, 0x00000000e4336000, 0x00000000ee1d0000)
 Metaspace       used 69009K, capacity 69922K, committed 70104K, reserved 1110016K
  class space    used 9748K, capacity 9933K, committed 9944K, reserved 1048576K
Event: 205.438 GC heap after
Heap after GC invocations=358 (full 16):
 def new generation   total 182784K, used 12K [0x00000000c0000000, 0x00000000cc650000, 0x00000000d5550000)
  eden space 162496K,   0% used [0x00000000c0000000, 0x00000000c0000000, 0x00000000c9eb0000)
  from space 20288K,   0% used [0x00000000cb280000, 0x00000000cb283390, 0x00000000cc650000)
  to   space 20288K,   0% used [0x00000000c9eb0000, 0x00000000c9eb0000, 0x00000000cb280000)
 tenured generation   total 406016K, used 360872K [0x00000000d5550000, 0x00000000ee1d0000, 0x0000000100000000)
   the space 406016K,  88% used [0x00000000d5550000, 0x00000000eb5ba388, 0x00000000eb5ba400, 0x00000000ee1d0000)
 Metaspace       used 69009K, capacity 69922K, committed 70104K, reserved 1110016K
  class space    used 9748K, capacity 9933K, committed 9944K, reserved 1048576K
}
Event: 314.964 GC heap before
{Heap before GC invocations=358 (full 16):
 def new generation   total 182784K, used 162508K [0x00000000c0000000, 0x00000000cc650000, 0x00000000d5550000)
  eden space 162496K, 100% used [0x00000000c0000000, 0x00000000c9eb0000, 0x00000000c9eb0000)
  from space 20288K,   0% used [0x00000000cb280000, 0x00000000cb283390, 0x00000000cc650000)
  to   space 20288K,   0% used [0x00000000c9eb0000, 0x00000000c9eb0000, 0x00000000cb280000)
 tenured generation   total 406016K, used 360872K [0x00000000d5550000, 0x00000000ee1d0000, 0x0000000100000000)
   the space 406016K,  88% used [0x00000000d5550000, 0x00000000eb5ba388, 0x00000000eb5ba400, 0x00000000ee1d0000)
 Metaspace       used 69034K, capacity 69922K, committed 70104K, reserved 1110016K
  class space    used 9751K, capacity 9933K, committed 9944K, reserved 1048576K

