# JRE version: OpenJDK Runtime Environment (8.0_222-b10) (build 1.8.0_222-8u222-b10-1ubuntu1~16.04.1-b10)
# Java VM: OpenJDK 64-Bit Server VM (25.222-b10 mixed mode linux-amd64 compressed oops)
Heap:
 def new generation   total 24384K, used 0K [0x00000000c0000000, 0x00000000c1a70000, 0x00000000d5550000)
  eden space 21696K,   0% used [0x00000000c0000000, 0x00000000c0000000, 0x00000000c1530000)
  from space 2688K,   0% used [0x00000000c1530000, 0x00000000c1530000, 0x00000000c17d0000)
  to   space 2688K,   0% used [0x00000000c17d0000, 0x00000000c17d0000, 0x00000000c1a70000)
 tenured generation   total 58092K, used 44201K [0x00000000d5550000, 0x00000000d8e0b000, 0x0000000100000000)
   the space 58092K,  76% used [0x00000000d5550000, 0x00000000d807a7b0, 0x00000000d807a800, 0x00000000d8e0b000)
 Metaspace       used 70554K, capacity 71560K, committed 71640K, reserved 1110016K
  class space    used 9903K, capacity 10128K, committed 10200K, reserved 1048576K
GC Heap History (10 events):
Event: 407.441 GC heap after
Heap after GC invocations=1207 (full 8):
 def new generation   total 24384K, used 1268K [0x00000000c0000000, 0x00000000c1a70000, 0x00000000d5550000)
  eden space 21696K,   0% used [0x00000000c0000000, 0x00000000c0000000, 0x00000000c1530000)
  from space 2688K,  47% used [0x00000000c17d0000, 0x00000000c190d318, 0x00000000c1a70000)
  to   space 2688K,   0% used [0x00000000c1530000, 0x00000000c1530000, 0x00000000c17d0000)
 tenured generation   total 53992K, used 52458K [0x00000000d5550000, 0x00000000d8a0a000, 0x0000000100000000)
   the space 53992K,  97% used [0x00000000d5550000, 0x00000000d888a968, 0x00000000d888aa00, 0x00000000d8a0a000)
 Metaspace       used 70534K, capacity 71548K, committed 71640K, reserved 1110016K
  class space    used 9902K, capacity 10124K, committed 10200K, reserved 1048576K
}
Event: 407.549 GC heap before
{Heap before GC invocations=1207 (full 8):
 def new generation   total 24384K, used 22174K [0x00000000c0000000, 0x00000000c1a70000, 0x00000000d5550000)
  eden space 21696K,  96% used [0x00000000c0000000, 0x00000000c146a880, 0x00000000c1530000)
  from space 2688K,  47% used [0x00000000c17d0000, 0x00000000c190d318, 0x00000000c1a70000)
  to   space 2688K,   0% used [0x00000000c1530000, 0x00000000c1530000, 0x00000000c17d0000)
 tenured generation   total 53992K, used 52458K [0x00000000d5550000, 0x00000000d8a0a000, 0x0000000100000000)
   the space 53992K,  97% used [0x00000000d5550000, 0x00000000d888a968, 0x00000000d888aa00, 0x00000000d8a0a000)
 Metaspace       used 70544K, capacity 71554K, committed 71640K, reserved 1110016K
  class space    used 9902K, capacity 10126K, committed 10200K, reserved 1048576K
Event: 407.554 GC heap after
Heap after GC invocations=1208 (full 8):
 def new generation   total 24384K, used 1624K [0x00000000c0000000, 0x00000000c1a70000, 0x00000000d5550000)
  eden space 21696K,   0% used [0x00000000c0000000, 0x00000000c0000000, 0x00000000c1530000)
  from space 2688K,  60% used [0x00000000c1530000, 0x00000000c16c6338, 0x00000000c17d0000)
  to   space 2688K,   0% used [0x00000000c17d0000, 0x00000000c17d0000, 0x00000000c1a70000)
 tenured generation   total 53992K, used 52458K [0x00000000d5550000, 0x00000000d8a0a000, 0x0000000100000000)
   the space 53992K,  97% used [0x00000000d5550000, 0x00000000d888a968, 0x00000000d888aa00, 0x00000000d8a0a000)
 Metaspace       used 70544K, capacity 71554K, committed 71640K, reserved 1110016K
  class space    used 9902K, capacity 10126K, committed 10200K, reserved 1048576K
}
Event: 407.659 GC heap before
{Heap before GC invocations=1208 (full 8):
 def new generation   total 24384K, used 23320K [0x00000000c0000000, 0x00000000c1a70000, 0x00000000d5550000)
  eden space 21696K, 100% used [0x00000000c0000000, 0x00000000c1530000, 0x00000000c1530000)
  from space 2688K,  60% used [0x00000000c1530000, 0x00000000c16c6338, 0x00000000c17d0000)
  to   space 2688K,   0% used [0x00000000c17d0000, 0x00000000c17d0000, 0x00000000c1a70000)
 tenured generation   total 53992K, used 52458K [0x00000000d5550000, 0x00000000d8a0a000, 0x0000000100000000)
   the space 53992K,  97% used [0x00000000d5550000, 0x00000000d888a968, 0x00000000d888aa00, 0x00000000d8a0a000)
 Metaspace       used 70545K, capacity 71554K, committed 71640K, reserved 1110016K
  class space    used 9902K, capacity 10126K, committed 10200K, reserved 1048576K
Event: 407.664 GC heap after
Heap after GC invocations=1209 (full 8):
 def new generation   total 24384K, used 1272K [0x00000000c0000000, 0x00000000c1a70000, 0x00000000d5550000)
  eden space 21696K,   0% used [0x00000000c0000000, 0x00000000c0000000, 0x00000000c1530000)
  from space 2688K,  47% used [0x00000000c17d0000, 0x00000000c190e138, 0x00000000c1a70000)
  to   space 2688K,   0% used [0x00000000c1530000, 0x00000000c1530000, 0x00000000c17d0000)
 tenured generation   total 53992K, used 52996K [0x00000000d5550000, 0x00000000d8a0a000, 0x0000000100000000)
   the space 53992K,  98% used [0x00000000d5550000, 0x00000000d8911020, 0x00000000d8911200, 0x00000000d8a0a000)
 Metaspace       used 70545K, capacity 71554K, committed 71640K, reserved 1110016K
  class space    used 9902K, capacity 10126K, committed 10200K, reserved 1048576K
}
Event: 469.056 GC heap before
{Heap before GC invocations=1209 (full 8):
 def new generation   total 24384K, used 22968K [0x00000000c0000000, 0x00000000c1a70000, 0x00000000d5550000)
  eden space 21696K, 100% used [0x00000000c0000000, 0x00000000c1530000, 0x00000000c1530000)
  from space 2688K,  47% used [0x00000000c17d0000, 0x00000000c190e138, 0x00000000c1a70000)
  to   space 2688K,   0% used [0x00000000c1530000, 0x00000000c1530000, 0x00000000c17d0000)
 tenured generation   total 53992K, used 52996K [0x00000000d5550000, 0x00000000d8a0a000, 0x0000000100000000)
   the space 53992K,  98% used [0x00000000d5550000, 0x00000000d8911020, 0x00000000d8911200, 0x00000000d8a0a000)
 Metaspace       used 70551K, capacity 71560K, committed 71640K, reserved 1110016K
  class space    used 9903K, capacity 10128K, committed 10200K, reserved 1048576K
Event: 470.340 GC heap after
Heap after GC invocations=1210 (full 8):
 def new generation   total 24384K, used 1614K [0x00000000c0000000, 0x00000000c1a70000, 0x00000000d5550000)
  eden space 21696K,   0% used [0x00000000c0000000, 0x00000000c0000000, 0x00000000c1530000)
  from space 2688K,  60% used [0x00000000c1530000, 0x00000000c16c3928, 0x00000000c17d0000)
  to   space 2688K,   0% used [0x00000000c17d0000, 0x00000000c17d0000, 0x00000000c1a70000)
 tenured generation   total 53992K, used 52996K [0x00000000d5550000, 0x00000000d8a0a000, 0x0000000100000000)
   the space 53992K,  98% used [0x00000000d5550000, 0x00000000d8911020, 0x00000000d8911200, 0x00000000d8a0a000)
 Metaspace       used 70551K, capacity 71560K, committed 71640K, reserved 1110016K
  class space    used 9903K, capacity 10128K, committed 10200K, reserved 1048576K
}
Event: 518.693 GC heap before
{Heap before GC invocations=1210 (full 8):
 def new generation   total 24384K, used 19246K [0x00000000c0000000, 0x00000000c1a70000, 0x00000000d5550000)
  eden space 21696K,  81% used [0x00000000c0000000, 0x00000000c11381f0, 0x00000000c1530000)
  from space 2688K,  60% used [0x00000000c1530000, 0x00000000c16c3928, 0x00000000c17d0000)
  to   space 2688K,   0% used [0x00000000c17d0000, 0x00000000c17d0000, 0x00000000c1a70000)
 tenured generation   total 53992K, used 52996K [0x00000000d5550000, 0x00000000d8a0a000, 0x0000000100000000)
   the space 53992K,  98% used [0x00000000d5550000, 0x00000000d8911020, 0x00000000d8911200, 0x00000000d8a0a000)
 Metaspace       used 70554K, capacity 71560K, committed 71640K, reserved 1110016K
  class space    used 9903K, capacity 10128K, committed 10200K, reserved 1048576K
Event: 518.764 GC heap after
Heap after GC invocations=1211 (full 8):
 def new generation   total 24384K, used 1389K [0x00000000c0000000, 0x00000000c1a70000, 0x00000000d5550000)
  eden space 21696K,   0% used [0x00000000c0000000, 0x00000000c0000000, 0x00000000c1530000)
  from space 2688K,  51% used [0x00000000c17d0000, 0x00000000c192b5b8, 0x00000000c1a70000)
  to   space 2688K,   0% used [0x00000000c1530000, 0x00000000c1530000, 0x00000000c17d0000)
 tenured generation   total 53992K, used 53302K [0x00000000d5550000, 0x00000000d8a0a000, 0x0000000100000000)
   the space 53992K,  98% used [0x00000000d5550000, 0x00000000d895d988, 0x00000000d895da00, 0x00000000d8a0a000)
 Metaspace       used 70554K, capacity 71560K, committed 71640K, reserved 1110016K
  class space    used 9903K, capacity 10128K, committed 10200K, reserved 1048576K
}
Event: 554.680 GC heap before
{Heap before GC invocations=1211 (full 8):
 def new generation   total 24384K, used 22888K [0x00000000c0000000, 0x00000000c1a70000, 0x00000000d5550000)
  eden space 21696K,  99% used [0x00000000c0000000, 0x00000000c14fed40, 0x00000000c1530000)
  from space 2688K,  51% used [0x00000000c17d0000, 0x00000000c192b5b8, 0x00000000c1a70000)
  to   space 2688K,   0% used [0x00000000c1530000, 0x00000000c1530000, 0x00000000c17d0000)
 tenured generation   total 53992K, used 53302K [0x00000000d5550000, 0x00000000d8a0a000, 0x0000000100000000)
   the space 53992K,  98% used [0x00000000d5550000, 0x00000000d895d988, 0x00000000d895da00, 0x00000000d8a0a000)
 Metaspace       used 70554K, capacity 71560K, committed 71640K, reserved 1110016K
  class space    used 9903K, capacity 10128K, committed 10200K, reserved 1048576K

